<?xml version="1.0" encoding="UTF-8"?>
<testng-results ignored="0" total="1" passed="1" failed="0" skipped="0">
  <reporter-output>
  </reporter-output>
  <suite started-at="2025-08-20T10:01:47 IST" name="Default suite" finished-at="2025-08-20T10:02:08 IST" duration-ms="20430">
    <groups>
    </groups>
    <test started-at="2025-08-20T10:01:47 IST" name="Default test" finished-at="2025-08-20T10:02:08 IST" duration-ms="20430">
      <class name="com.car.base.CarBaseTest">
        <test-method is-config="true" signature="setup()[pri:0, instance:com.car.base.CarBaseTest@5456afaa]" started-at="2025-08-20T10:01:48 IST" name="setup" finished-at="2025-08-20T10:02:01 IST" duration-ms="13533" status="PASS">
          <reporter-output>
          </reporter-output>
        </test-method> <!-- setup -->
        <test-method signature="testMayBe()[pri:0, instance:com.car.base.CarBaseTest@5456afaa]" started-at="2025-08-20T10:02:01 IST" name="testMayBe" finished-at="2025-08-20T10:02:08 IST" duration-ms="6745" status="PASS">
          <reporter-output>
          </reporter-output>
        </test-method> <!-- testMayBe -->
      </class> <!-- com.car.base.CarBaseTest -->
    </test> <!-- Default test -->
  </suite> <!-- Default suite -->
</testng-results>
